{"contracts\\ERC20Mock.sol":{"l":{"10":66,"15":63},"path":"G:\\escrow_project\\tresary_contract\\contracts\\ERC20Mock.sol","s":{"1":66,"2":63},"b":{"1":[63,0]},"f":{"1":66,"2":63},"fnMap":{"1":{"name":"constructor","line":8,"loc":{"start":{"line":8,"column":4},"end":{"line":11,"column":4}}},"2":{"name":"mint","line":14,"loc":{"start":{"line":14,"column":4},"end":{"line":16,"column":4}}}},"statementMap":{"1":{"start":{"line":10,"column":8},"end":{"line":10,"column":58}},"2":{"start":{"line":15,"column":8},"end":{"line":15,"column":24}}},"branchMap":{"1":{"line":14,"type":"if","locations":[{"start":{"line":14,"column":55},"end":{"line":14,"column":55}},{"start":{"line":14,"column":55},"end":{"line":14,"column":55}}]}}},"contracts\\EscrowTeamTreasury.sol":{"l":{"79":32,"163":68,"165":67,"166":67,"167":67,"170":67,"171":1876,"178":1876,"179":1876,"182":67,"191":61,"193":60,"194":60,"196":59,"197":59,"199":59,"211":2,"212":1,"213":1,"214":1,"215":1,"218":1,"219":0,"222":1,"230":1,"231":1,"233":1,"245":0,"246":0,"247":0,"249":0,"250":0,"253":0,"255":0,"257":0,"259":0,"268":4,"269":3,"271":2,"272":2,"274":2,"275":2,"278":2,"279":2,"280":29,"282":2,"283":2,"284":2,"286":27,"289":2,"296":51,"297":50,"298":50,"300":50,"302":50,"310":7,"312":7,"313":7,"316":6,"317":6,"320":6,"321":2,"322":2,"323":2,"324":2,"327":6,"328":6,"330":6,"337":3,"344":1,"351":4,"352":4,"354":4,"356":2,"357":2,"359":2,"368":0,"369":0,"371":0,"372":0,"374":0,"375":0,"377":0,"378":0,"379":0,"380":0,"382":0,"384":0,"392":22,"393":22,"395":22,"396":22,"398":21,"399":21,"401":19,"402":19,"403":19,"404":19,"406":19,"408":19,"421":45,"423":45,"425":44,"426":44,"429":34,"430":34,"438":88,"440":69,"442":69,"444":69,"446":69,"459":37,"461":37,"463":33,"464":33,"484":6,"486":6,"487":6,"488":6,"489":6,"491":6,"517":2,"518":2,"519":2,"520":2,"521":2,"523":2,"524":56,"525":56,"527":56,"528":56,"529":56,"530":56,"532":56,"535":2,"553":5,"555":5,"556":5,"559":5,"573":5,"575":5,"576":5,"578":4,"597":2,"599":2,"616":6,"623":7,"625":7,"627":5,"631":5,"649":2},"path":"G:\\escrow_project\\tresary_contract\\contracts\\EscrowTeamTreasury.sol","s":{"1":32,"2":68,"3":67,"4":1876,"5":67,"6":61,"7":60,"8":60,"9":59,"10":59,"11":2,"12":1,"13":1,"14":1,"15":1,"16":1,"17":1,"18":1,"19":0,"20":0,"21":0,"22":0,"23":0,"24":0,"25":0,"26":4,"27":3,"28":2,"29":2,"30":2,"31":2,"32":29,"33":2,"34":2,"35":51,"36":50,"37":50,"38":50,"39":7,"40":7,"41":7,"42":6,"43":6,"44":6,"45":2,"46":2,"47":6,"48":6,"49":3,"50":1,"51":4,"52":4,"53":4,"54":2,"55":2,"56":2,"57":0,"58":0,"59":0,"60":0,"61":0,"62":0,"63":0,"64":0,"65":0,"66":22,"67":22,"68":22,"69":22,"70":21,"71":21,"72":19,"73":19,"74":19,"75":45,"76":45,"77":1,"78":44,"79":44,"80":10,"81":34,"82":34,"83":88,"84":19,"85":69,"86":69,"87":0,"88":69,"89":69,"90":37,"91":37,"92":4,"93":33,"94":33,"95":6,"96":6,"97":2,"98":2,"99":56,"100":56,"101":2,"102":5,"103":5,"104":5,"105":5,"106":0,"107":5,"108":1,"109":4,"110":2,"111":2,"112":6,"113":7,"114":7,"115":2,"116":5,"117":5,"118":2},"b":{"1":[1,67],"2":[61,0],"3":[1,60],"4":[1,59],"5":[2,1],"6":[1,1],"7":[0,1],"8":[0,1],"9":[0,1],"10":[0,1],"11":[0,1],"12":[0,0],"13":[0,0],"14":[0,0],"15":[0,0],"16":[0,0],"17":[4,0],"18":[1,3],"19":[1,2],"20":[2,27],"21":[51,1],"22":[1,50],"23":[0,50],"24":[0,50],"25":[7,0],"26":[0,7],"27":[1,6],"28":[2,4],"29":[3,0],"30":[1,0],"31":[4,0],"32":[2,2],"33":[0,0],"34":[0,0],"35":[0,0],"36":[0,0],"37":[0,0],"38":[0,0],"39":[24,0],"40":[22,2],"41":[0,22],"42":[0,22],"43":[1,21],"44":[2,19],"45":[1,44],"46":[0,1],"47":[10,34],"48":[19,69],"49":[0,69],"50":[2,67],"51":[4,33],"52":[1,3],"53":[24,9],"54":[0,5],"55":[1,4],"56":[0,2],"57":[2,5],"58":[2,3],"59":[5,0]},"f":{"1":32,"2":68,"3":61,"4":2,"5":0,"6":4,"7":51,"8":7,"9":3,"10":1,"11":4,"12":0,"13":22,"14":45,"15":88,"16":37,"17":6,"18":2,"19":5,"20":5,"21":2,"22":6,"23":7,"24":2},"fnMap":{"1":{"name":"getInitialBeneficiaries","line":78,"loc":{"start":{"line":78,"column":4},"end":{"line":80,"column":4}}},"2":{"name":"constructor","line":162,"loc":{"start":{"line":162,"column":4},"end":{"line":183,"column":4}}},"3":{"name":"fundTreasury","line":190,"loc":{"start":{"line":190,"column":4},"end":{"line":200,"column":4}}},"4":{"name":"addBeneficiary","line":209,"loc":{"start":{"line":207,"column":4},"end":{"line":234,"column":4}}},"5":{"name":"updateBeneficiary","line":243,"loc":{"start":{"line":241,"column":4},"end":{"line":260,"column":4}}},"6":{"name":"removeBeneficiary","line":267,"loc":{"start":{"line":267,"column":4},"end":{"line":290,"column":4}}},"7":{"name":"lockAllocations","line":295,"loc":{"start":{"line":295,"column":4},"end":{"line":303,"column":4}}},"8":{"name":"revokeAllocation","line":309,"loc":{"start":{"line":309,"column":4},"end":{"line":331,"column":4}}},"9":{"name":"pause","line":336,"loc":{"start":{"line":336,"column":4},"end":{"line":338,"column":4}}},"10":{"name":"unpause","line":343,"loc":{"start":{"line":343,"column":4},"end":{"line":345,"column":4}}},"11":{"name":"emergencyWithdraw","line":350,"loc":{"start":{"line":350,"column":4},"end":{"line":360,"column":4}}},"12":{"name":"claimTokens","line":367,"loc":{"start":{"line":367,"column":4},"end":{"line":385,"column":4}}},"13":{"name":"claimFor","line":391,"loc":{"start":{"line":391,"column":4},"end":{"line":409,"column":4}}},"14":{"name":"_calculateVestedAmount","line":416,"loc":{"start":{"line":416,"column":4},"end":{"line":431,"column":4}}},"15":{"name":"_getCurrentMilestone","line":437,"loc":{"start":{"line":437,"column":4},"end":{"line":447,"column":4}}},"16":{"name":"getClaimableAmount","line":454,"loc":{"start":{"line":454,"column":4},"end":{"line":465,"column":4}}},"17":{"name":"getBeneficiaryInfo","line":470,"loc":{"start":{"line":470,"column":4},"end":{"line":501,"column":4}}},"18":{"name":"getAllBeneficiaries","line":507,"loc":{"start":{"line":507,"column":4},"end":{"line":536,"column":4}}},"19":{"name":"getVestingSchedule","line":541,"loc":{"start":{"line":541,"column":4},"end":{"line":567,"column":4}}},"20":{"name":"getNextUnlockTime","line":572,"loc":{"start":{"line":572,"column":4},"end":{"line":579,"column":4}}},"21":{"name":"getTreasuryStats","line":584,"loc":{"start":{"line":584,"column":4},"end":{"line":610,"column":4}}},"22":{"name":"isBeneficiary","line":615,"loc":{"start":{"line":615,"column":4},"end":{"line":617,"column":4}}},"23":{"name":"getTimeUntilNextUnlock","line":622,"loc":{"start":{"line":622,"column":4},"end":{"line":632,"column":4}}},"24":{"name":"getContractInfo","line":637,"loc":{"start":{"line":637,"column":4},"end":{"line":657,"column":4}}}},"statementMap":{"1":{"start":{"line":79,"column":8},"end":{"line":79,"column":35}},"2":{"start":{"line":163,"column":8},"end":{"line":163,"column":63}},"3":{"start":{"line":170,"column":8},"end":{"line":170,"column":6896}},"4":{"start":{"line":178,"column":12},"end":{"line":178,"column":56}},"5":{"start":{"line":182,"column":8},"end":{"line":182,"column":47}},"6":{"start":{"line":191,"column":8},"end":{"line":191,"column":58}},"7":{"start":{"line":193,"column":8},"end":{"line":193,"column":59}},"8":{"start":{"line":194,"column":8},"end":{"line":194,"column":68}},"9":{"start":{"line":196,"column":8},"end":{"line":196,"column":80}},"10":{"start":{"line":199,"column":8},"end":{"line":199,"column":62}},"11":{"start":{"line":211,"column":8},"end":{"line":211,"column":64}},"12":{"start":{"line":212,"column":8},"end":{"line":212,"column":55}},"13":{"start":{"line":213,"column":8},"end":{"line":213,"column":62}},"14":{"start":{"line":214,"column":8},"end":{"line":214,"column":51}},"15":{"start":{"line":215,"column":8},"end":{"line":215,"column":74}},"16":{"start":{"line":218,"column":8},"end":{"line":218,"column":8716}},"17":{"start":{"line":230,"column":8},"end":{"line":230,"column":40}},"18":{"start":{"line":233,"column":8},"end":{"line":233,"column":54}},"19":{"start":{"line":245,"column":8},"end":{"line":245,"column":64}},"20":{"start":{"line":246,"column":8},"end":{"line":246,"column":73}},"21":{"start":{"line":247,"column":8},"end":{"line":247,"column":54}},"22":{"start":{"line":249,"column":8},"end":{"line":249,"column":58}},"23":{"start":{"line":250,"column":8},"end":{"line":250,"column":49}},"24":{"start":{"line":255,"column":8},"end":{"line":255,"column":78}},"25":{"start":{"line":259,"column":8},"end":{"line":259,"column":59}},"26":{"start":{"line":268,"column":8},"end":{"line":268,"column":64}},"27":{"start":{"line":269,"column":8},"end":{"line":269,"column":73}},"28":{"start":{"line":271,"column":8},"end":{"line":271,"column":58}},"29":{"start":{"line":272,"column":8},"end":{"line":272,"column":46}},"30":{"start":{"line":278,"column":8},"end":{"line":278,"column":47}},"31":{"start":{"line":279,"column":8},"end":{"line":279,"column":10934}},"32":{"start":{"line":280,"column":12},"end":{"line":280,"column":10986}},"33":{"start":{"line":283,"column":16},"end":{"line":283,"column":36}},"34":{"start":{"line":289,"column":8},"end":{"line":289,"column":56}},"35":{"start":{"line":296,"column":8},"end":{"line":296,"column":64}},"36":{"start":{"line":297,"column":8},"end":{"line":297,"column":55}},"37":{"start":{"line":298,"column":8},"end":{"line":298,"column":55}},"38":{"start":{"line":302,"column":8},"end":{"line":302,"column":47}},"39":{"start":{"line":310,"column":8},"end":{"line":310,"column":73}},"40":{"start":{"line":312,"column":8},"end":{"line":312,"column":58}},"41":{"start":{"line":313,"column":8},"end":{"line":313,"column":56}},"42":{"start":{"line":316,"column":8},"end":{"line":316,"column":66}},"43":{"start":{"line":317,"column":8},"end":{"line":317,"column":61}},"44":{"start":{"line":320,"column":8},"end":{"line":320,"column":12480}},"45":{"start":{"line":323,"column":12},"end":{"line":323,"column":62}},"46":{"start":{"line":324,"column":12},"end":{"line":324,"column":81}},"47":{"start":{"line":327,"column":8},"end":{"line":327,"column":68}},"48":{"start":{"line":330,"column":8},"end":{"line":330,"column":59}},"49":{"start":{"line":337,"column":8},"end":{"line":337,"column":15}},"50":{"start":{"line":344,"column":8},"end":{"line":344,"column":17}},"51":{"start":{"line":351,"column":8},"end":{"line":351,"column":62}},"52":{"start":{"line":352,"column":8},"end":{"line":352,"column":54}},"53":{"start":{"line":354,"column":8},"end":{"line":354,"column":59}},"54":{"start":{"line":356,"column":8},"end":{"line":356,"column":47}},"55":{"start":{"line":357,"column":8},"end":{"line":357,"column":54}},"56":{"start":{"line":359,"column":8},"end":{"line":359,"column":66}},"57":{"start":{"line":368,"column":8},"end":{"line":368,"column":61}},"58":{"start":{"line":369,"column":8},"end":{"line":369,"column":72}},"59":{"start":{"line":371,"column":8},"end":{"line":371,"column":57}},"60":{"start":{"line":372,"column":8},"end":{"line":372,"column":56}},"61":{"start":{"line":374,"column":8},"end":{"line":374,"column":58}},"62":{"start":{"line":375,"column":8},"end":{"line":375,"column":54}},"63":{"start":{"line":377,"column":8},"end":{"line":377,"column":57}},"64":{"start":{"line":382,"column":8},"end":{"line":382,"column":54}},"65":{"start":{"line":384,"column":8},"end":{"line":384,"column":67}},"66":{"start":{"line":392,"column":8},"end":{"line":392,"column":61}},"67":{"start":{"line":393,"column":8},"end":{"line":393,"column":73}},"68":{"start":{"line":395,"column":8},"end":{"line":395,"column":58}},"69":{"start":{"line":396,"column":8},"end":{"line":396,"column":56}},"70":{"start":{"line":398,"column":8},"end":{"line":398,"column":59}},"71":{"start":{"line":399,"column":8},"end":{"line":399,"column":54}},"72":{"start":{"line":401,"column":8},"end":{"line":401,"column":57}},"73":{"start":{"line":406,"column":8},"end":{"line":406,"column":55}},"74":{"start":{"line":408,"column":8},"end":{"line":408,"column":68}},"75":{"start":{"line":421,"column":8},"end":{"line":421,"column":57}},"76":{"start":{"line":423,"column":8},"end":{"line":423,"column":46}},"77":{"start":{"line":423,"column":38},"end":{"line":423,"column":46}},"78":{"start":{"line":425,"column":8},"end":{"line":425,"column":57}},"79":{"start":{"line":426,"column":8},"end":{"line":426,"column":43}},"80":{"start":{"line":426,"column":35},"end":{"line":426,"column":43}},"81":{"start":{"line":429,"column":8},"end":{"line":429,"column":78}},"82":{"start":{"line":430,"column":8},"end":{"line":430,"column":68}},"83":{"start":{"line":438,"column":8},"end":{"line":438,"column":55}},"84":{"start":{"line":438,"column":47},"end":{"line":438,"column":55}},"85":{"start":{"line":440,"column":8},"end":{"line":440,"column":72}},"86":{"start":{"line":442,"column":8},"end":{"line":442,"column":47}},"87":{"start":{"line":442,"column":39},"end":{"line":442,"column":47}},"88":{"start":{"line":444,"column":8},"end":{"line":444,"column":73}},"89":{"start":{"line":446,"column":8},"end":{"line":446,"column":78}},"90":{"start":{"line":459,"column":8},"end":{"line":459,"column":57}},"91":{"start":{"line":461,"column":8},"end":{"line":461,"column":46}},"92":{"start":{"line":461,"column":38},"end":{"line":461,"column":46}},"93":{"start":{"line":463,"column":8},"end":{"line":463,"column":60}},"94":{"start":{"line":464,"column":8},"end":{"line":464,"column":70}},"95":{"start":{"line":484,"column":8},"end":{"line":484,"column":57}},"96":{"start":{"line":491,"column":8},"end":{"line":491,"column":18160}},"97":{"start":{"line":517,"column":8},"end":{"line":517,"column":46}},"98":{"start":{"line":523,"column":8},"end":{"line":523,"column":19014}},"99":{"start":{"line":524,"column":12},"end":{"line":524,"column":52}},"100":{"start":{"line":525,"column":12},"end":{"line":525,"column":61}},"101":{"start":{"line":535,"column":8},"end":{"line":535,"column":56}},"102":{"start":{"line":555,"column":8},"end":{"line":555,"column":19979}},"103":{"start":{"line":559,"column":8},"end":{"line":559,"column":20129}},"104":{"start":{"line":573,"column":8},"end":{"line":573,"column":57}},"105":{"start":{"line":575,"column":8},"end":{"line":575,"column":60}},"106":{"start":{"line":575,"column":52},"end":{"line":575,"column":60}},"107":{"start":{"line":576,"column":8},"end":{"line":576,"column":57}},"108":{"start":{"line":576,"column":35},"end":{"line":576,"column":57}},"109":{"start":{"line":578,"column":8},"end":{"line":578,"column":70}},"110":{"start":{"line":597,"column":8},"end":{"line":597,"column":62}},"111":{"start":{"line":599,"column":8},"end":{"line":599,"column":21207}},"112":{"start":{"line":616,"column":8},"end":{"line":616,"column":46}},"113":{"start":{"line":623,"column":8},"end":{"line":623,"column":57}},"114":{"start":{"line":625,"column":8},"end":{"line":625,"column":60}},"115":{"start":{"line":625,"column":52},"end":{"line":625,"column":60}},"116":{"start":{"line":627,"column":8},"end":{"line":627,"column":22096}},"117":{"start":{"line":631,"column":8},"end":{"line":631,"column":78}},"118":{"start":{"line":649,"column":8},"end":{"line":649,"column":22652}}},"branchMap":{"1":{"line":163,"type":"if","locations":[{"start":{"line":163,"column":8},"end":{"line":163,"column":8}},{"start":{"line":163,"column":8},"end":{"line":163,"column":8}}]},"2":{"line":190,"type":"if","locations":[{"start":{"line":190,"column":37},"end":{"line":190,"column":37}},{"start":{"line":190,"column":37},"end":{"line":190,"column":37}}]},"3":{"line":191,"type":"if","locations":[{"start":{"line":191,"column":8},"end":{"line":191,"column":8}},{"start":{"line":191,"column":8},"end":{"line":191,"column":8}}]},"4":{"line":194,"type":"if","locations":[{"start":{"line":194,"column":8},"end":{"line":194,"column":8}},{"start":{"line":194,"column":8},"end":{"line":194,"column":8}}]},"5":{"line":209,"type":"if","locations":[{"start":{"line":209,"column":8},"end":{"line":209,"column":8}},{"start":{"line":209,"column":8},"end":{"line":209,"column":8}}]},"6":{"line":211,"type":"if","locations":[{"start":{"line":211,"column":8},"end":{"line":211,"column":8}},{"start":{"line":211,"column":8},"end":{"line":211,"column":8}}]},"7":{"line":212,"type":"if","locations":[{"start":{"line":212,"column":8},"end":{"line":212,"column":8}},{"start":{"line":212,"column":8},"end":{"line":212,"column":8}}]},"8":{"line":213,"type":"if","locations":[{"start":{"line":213,"column":8},"end":{"line":213,"column":8}},{"start":{"line":213,"column":8},"end":{"line":213,"column":8}}]},"9":{"line":214,"type":"if","locations":[{"start":{"line":214,"column":8},"end":{"line":214,"column":8}},{"start":{"line":214,"column":8},"end":{"line":214,"column":8}}]},"10":{"line":215,"type":"if","locations":[{"start":{"line":215,"column":8},"end":{"line":215,"column":8}},{"start":{"line":215,"column":8},"end":{"line":215,"column":8}}]},"11":{"line":218,"type":"if","locations":[{"start":{"line":218,"column":8},"end":{"line":218,"column":8}},{"start":{"line":218,"column":8},"end":{"line":218,"column":8}}]},"12":{"line":243,"type":"if","locations":[{"start":{"line":243,"column":8},"end":{"line":243,"column":8}},{"start":{"line":243,"column":8},"end":{"line":243,"column":8}}]},"13":{"line":245,"type":"if","locations":[{"start":{"line":245,"column":8},"end":{"line":245,"column":8}},{"start":{"line":245,"column":8},"end":{"line":245,"column":8}}]},"14":{"line":246,"type":"if","locations":[{"start":{"line":246,"column":8},"end":{"line":246,"column":8}},{"start":{"line":246,"column":8},"end":{"line":246,"column":8}}]},"15":{"line":247,"type":"if","locations":[{"start":{"line":247,"column":8},"end":{"line":247,"column":8}},{"start":{"line":247,"column":8},"end":{"line":247,"column":8}}]},"16":{"line":255,"type":"if","locations":[{"start":{"line":255,"column":8},"end":{"line":255,"column":8}},{"start":{"line":255,"column":8},"end":{"line":255,"column":8}}]},"17":{"line":267,"type":"if","locations":[{"start":{"line":267,"column":61},"end":{"line":267,"column":61}},{"start":{"line":267,"column":61},"end":{"line":267,"column":61}}]},"18":{"line":268,"type":"if","locations":[{"start":{"line":268,"column":8},"end":{"line":268,"column":8}},{"start":{"line":268,"column":8},"end":{"line":268,"column":8}}]},"19":{"line":269,"type":"if","locations":[{"start":{"line":269,"column":8},"end":{"line":269,"column":8}},{"start":{"line":269,"column":8},"end":{"line":269,"column":8}}]},"20":{"line":280,"type":"if","locations":[{"start":{"line":280,"column":12},"end":{"line":280,"column":12}},{"start":{"line":280,"column":12},"end":{"line":280,"column":12}}]},"21":{"line":295,"type":"if","locations":[{"start":{"line":295,"column":40},"end":{"line":295,"column":40}},{"start":{"line":295,"column":40},"end":{"line":295,"column":40}}]},"22":{"line":296,"type":"if","locations":[{"start":{"line":296,"column":8},"end":{"line":296,"column":8}},{"start":{"line":296,"column":8},"end":{"line":296,"column":8}}]},"23":{"line":297,"type":"if","locations":[{"start":{"line":297,"column":8},"end":{"line":297,"column":8}},{"start":{"line":297,"column":8},"end":{"line":297,"column":8}}]},"24":{"line":298,"type":"if","locations":[{"start":{"line":298,"column":8},"end":{"line":298,"column":8}},{"start":{"line":298,"column":8},"end":{"line":298,"column":8}}]},"25":{"line":309,"type":"if","locations":[{"start":{"line":309,"column":60},"end":{"line":309,"column":60}},{"start":{"line":309,"column":60},"end":{"line":309,"column":60}}]},"26":{"line":310,"type":"if","locations":[{"start":{"line":310,"column":8},"end":{"line":310,"column":8}},{"start":{"line":310,"column":8},"end":{"line":310,"column":8}}]},"27":{"line":313,"type":"if","locations":[{"start":{"line":313,"column":8},"end":{"line":313,"column":8}},{"start":{"line":313,"column":8},"end":{"line":313,"column":8}}]},"28":{"line":320,"type":"if","locations":[{"start":{"line":320,"column":8},"end":{"line":320,"column":8}},{"start":{"line":320,"column":8},"end":{"line":320,"column":8}}]},"29":{"line":336,"type":"if","locations":[{"start":{"line":336,"column":30},"end":{"line":336,"column":30}},{"start":{"line":336,"column":30},"end":{"line":336,"column":30}}]},"30":{"line":343,"type":"if","locations":[{"start":{"line":343,"column":32},"end":{"line":343,"column":32}},{"start":{"line":343,"column":32},"end":{"line":343,"column":32}}]},"31":{"line":350,"type":"if","locations":[{"start":{"line":350,"column":42},"end":{"line":350,"column":42}},{"start":{"line":350,"column":42},"end":{"line":350,"column":42}}]},"32":{"line":354,"type":"if","locations":[{"start":{"line":354,"column":8},"end":{"line":354,"column":8}},{"start":{"line":354,"column":8},"end":{"line":354,"column":8}}]},"33":{"line":367,"type":"if","locations":[{"start":{"line":367,"column":36},"end":{"line":367,"column":36}},{"start":{"line":367,"column":36},"end":{"line":367,"column":36}}]},"34":{"line":367,"type":"if","locations":[{"start":{"line":367,"column":49},"end":{"line":367,"column":49}},{"start":{"line":367,"column":49},"end":{"line":367,"column":49}}]},"35":{"line":368,"type":"if","locations":[{"start":{"line":368,"column":8},"end":{"line":368,"column":8}},{"start":{"line":368,"column":8},"end":{"line":368,"column":8}}]},"36":{"line":369,"type":"if","locations":[{"start":{"line":369,"column":8},"end":{"line":369,"column":8}},{"start":{"line":369,"column":8},"end":{"line":369,"column":8}}]},"37":{"line":372,"type":"if","locations":[{"start":{"line":372,"column":8},"end":{"line":372,"column":8}},{"start":{"line":372,"column":8},"end":{"line":372,"column":8}}]},"38":{"line":375,"type":"if","locations":[{"start":{"line":375,"column":8},"end":{"line":375,"column":8}},{"start":{"line":375,"column":8},"end":{"line":375,"column":8}}]},"39":{"line":391,"type":"if","locations":[{"start":{"line":391,"column":52},"end":{"line":391,"column":52}},{"start":{"line":391,"column":52},"end":{"line":391,"column":52}}]},"40":{"line":391,"type":"if","locations":[{"start":{"line":391,"column":65},"end":{"line":391,"column":65}},{"start":{"line":391,"column":65},"end":{"line":391,"column":65}}]},"41":{"line":392,"type":"if","locations":[{"start":{"line":392,"column":8},"end":{"line":392,"column":8}},{"start":{"line":392,"column":8},"end":{"line":392,"column":8}}]},"42":{"line":393,"type":"if","locations":[{"start":{"line":393,"column":8},"end":{"line":393,"column":8}},{"start":{"line":393,"column":8},"end":{"line":393,"column":8}}]},"43":{"line":396,"type":"if","locations":[{"start":{"line":396,"column":8},"end":{"line":396,"column":8}},{"start":{"line":396,"column":8},"end":{"line":396,"column":8}}]},"44":{"line":399,"type":"if","locations":[{"start":{"line":399,"column":8},"end":{"line":399,"column":8}},{"start":{"line":399,"column":8},"end":{"line":399,"column":8}}]},"45":{"line":423,"type":"if","locations":[{"start":{"line":423,"column":8},"end":{"line":423,"column":8}},{"start":{"line":423,"column":8},"end":{"line":423,"column":8}}]},"46":{"line":423,"type":"cond-expr","locations":[{"start":{"line":423,"column":12},"end":{"line":423,"column":22}},{"start":{"line":423,"column":27},"end":{"line":423,"column":35}}]},"47":{"line":426,"type":"if","locations":[{"start":{"line":426,"column":8},"end":{"line":426,"column":8}},{"start":{"line":426,"column":8},"end":{"line":426,"column":8}}]},"48":{"line":438,"type":"if","locations":[{"start":{"line":438,"column":8},"end":{"line":438,"column":8}},{"start":{"line":438,"column":8},"end":{"line":438,"column":8}}]},"49":{"line":442,"type":"if","locations":[{"start":{"line":442,"column":8},"end":{"line":442,"column":8}},{"start":{"line":442,"column":8},"end":{"line":442,"column":8}}]},"50":{"line":446,"type":"if","locations":[{"start":{"line":446,"column":48},"end":{"line":446,"column":65}},{"start":{"line":446,"column":69},"end":{"line":446,"column":77}}]},"51":{"line":461,"type":"if","locations":[{"start":{"line":461,"column":8},"end":{"line":461,"column":8}},{"start":{"line":461,"column":8},"end":{"line":461,"column":8}}]},"52":{"line":461,"type":"cond-expr","locations":[{"start":{"line":461,"column":12},"end":{"line":461,"column":22}},{"start":{"line":461,"column":27},"end":{"line":461,"column":35}}]},"53":{"line":464,"type":"if","locations":[{"start":{"line":464,"column":42},"end":{"line":464,"column":65}},{"start":{"line":464,"column":69},"end":{"line":464,"column":69}}]},"54":{"line":575,"type":"if","locations":[{"start":{"line":575,"column":8},"end":{"line":575,"column":8}},{"start":{"line":575,"column":8},"end":{"line":575,"column":8}}]},"55":{"line":576,"type":"if","locations":[{"start":{"line":576,"column":8},"end":{"line":576,"column":8}},{"start":{"line":576,"column":8},"end":{"line":576,"column":8}}]},"56":{"line":604,"type":"if","locations":[{"start":{"line":604,"column":18},"end":{"line":604,"column":58}},{"start":{"line":605,"column":18},"end":{"line":605,"column":18}}]},"57":{"line":625,"type":"if","locations":[{"start":{"line":625,"column":8},"end":{"line":625,"column":8}},{"start":{"line":625,"column":8},"end":{"line":625,"column":8}}]},"58":{"line":628,"type":"if","locations":[{"start":{"line":628,"column":14},"end":{"line":628,"column":28}},{"start":{"line":629,"column":14},"end":{"line":629,"column":68}}]},"59":{"line":631,"type":"if","locations":[{"start":{"line":631,"column":46},"end":{"line":631,"column":73}},{"start":{"line":631,"column":77},"end":{"line":631,"column":77}}]}}},"contracts\\MockEscrowTokenNoMint.sol":{"l":{"14":1},"path":"G:\\escrow_project\\tresary_contract\\contracts\\MockEscrowTokenNoMint.sol","s":{"1":1},"b":{"1":[1,0]},"f":{"1":1,"2":1},"fnMap":{"1":{"name":"constructor","line":8,"loc":{"start":{"line":8,"column":4},"end":{"line":10,"column":4}}},"2":{"name":"mint","line":13,"loc":{"start":{"line":13,"column":4},"end":{"line":15,"column":4}}}},"statementMap":{"1":{"start":{"line":14,"column":8},"end":{"line":14,"column":24}}},"branchMap":{"1":{"line":13,"type":"if","locations":[{"start":{"line":13,"column":55},"end":{"line":13,"column":55}},{"start":{"line":13,"column":55},"end":{"line":13,"column":55}}]}}}}