{
"contracts\\ERC20Mock.sol":{"l":{"10":61,"15":56},"path":"G:\\escrow_project\\tresary_contract\\contracts\\ERC20Mock.sol","s":{"1":61,"2":56},"b":{"1":[56,0]},"f":{"1":61,"2":56},"fnMap":{"1":{"name":"constructor","line":8,"loc":{"start":{"line":8,"column":4},"end":{"line":11,"column":4}}},"2":{"name":"mint","line":14,"loc":{"start":{"line":14,"column":4},"end":{"line":16,"column":4}}}},"statementMap":{"1":{"start":{"line":10,"column":8},"end":{"line":10,"column":58}},"2":{"start":{"line":15,"column":8},"end":{"line":15,"column":24}}},"branchMap":{"1":{"line":14,"type":"if","locations":[{"start":{"line":14,"column":55},"end":{"line":14,"column":55}},{"start":{"line":14,"column":55},"end":{"line":14,"column":55}}]}}},
"contracts\\EscrowTeamTreasury.sol":{"l":{"113":63,"115":62,"116":62,"117":62,"119":62,"128":56,"130":55,"131":55,"133":54,"134":54,"136":54,"148":54,"149":54,"150":54,"151":54,"152":54,"155":53,"156":1,"159":52,"167":52,"168":52,"170":52,"182":2,"183":1,"184":1,"186":1,"187":1,"190":1,"192":1,"194":1,"196":1,"204":1,"205":1,"207":1,"208":1,"210":1,"211":1,"214":1,"215":1,"216":1,"217":1,"218":1,"222":1,"229":47,"230":46,"231":46,"233":46,"235":46,"243":4,"245":4,"246":4,"249":4,"250":4,"253":4,"254":1,"255":1,"256":1,"257":1,"260":4,"261":4,"263":4,"270":2,"277":1,"284":3,"285":3,"287":3,"289":3,"290":3,"292":3,"301":9,"302":9,"304":9,"305":9,"307":9,"308":9,"310":8,"311":8,"312":8,"313":8,"315":8,"317":8,"325":1,"326":1,"328":1,"329":1,"331":1,"332":1,"334":1,"335":1,"336":1,"337":1,"339":1,"341":1,"354":25,"356":25,"357":24,"359":16,"360":16,"363":16,"364":16,"371":48,"373":38,"374":38,"376":38,"389":22,"391":22,"393":17,"394":17,"414":4,"416":4,"417":4,"418":4,"419":4,"421":4,"446":3,"447":3,"448":3,"449":3,"450":3,"452":3,"453":4,"454":4,"456":4,"457":4,"458":4,"459":4,"462":3,"480":6,"482":6,"483":6,"486":6,"500":6,"502":6,"503":6,"505":4,"524":2,"526":2,"543":4,"550":6,"552":6,"554":3,"558":3,"576":2},"path":"G:\\escrow_project\\tresary_contract\\contracts\\EscrowTeamTreasury.sol","s":{"1":63,"2":62,"3":56,"4":55,"5":55,"6":54,"7":54,"8":54,"9":54,"10":54,"11":54,"12":54,"13":53,"14":52,"15":52,"16":2,"17":1,"18":1,"19":1,"20":1,"21":1,"22":1,"23":1,"24":1,"25":1,"26":1,"27":1,"28":1,"29":1,"30":1,"31":47,"32":46,"33":46,"34":46,"35":4,"36":4,"37":4,"38":4,"39":4,"40":4,"41":1,"42":1,"43":4,"44":4,"45":2,"46":1,"47":3,"48":3,"49":3,"50":3,"51":3,"52":3,"53":9,"54":9,"55":9,"56":9,"57":9,"58":9,"59":8,"60":8,"61":8,"62":1,"63":1,"64":1,"65":1,"66":1,"67":1,"68":1,"69":1,"70":1,"71":25,"72":25,"73":1,"74":24,"75":8,"76":16,"77":16,"78":0,"79":16,"80":16,"81":48,"82":10,"83":38,"84":38,"85":38,"86":22,"87":22,"88":5,"89":17,"90":17,"91":4,"92":4,"93":3,"94":3,"95":4,"96":4,"97":3,"98":6,"99":6,"100":6,"101":6,"102":0,"103":6,"104":2,"105":4,"106":2,"107":2,"108":4,"109":6,"110":6,"111":3,"112":3,"113":3,"114":2},"b":{"1":[1,62],"2":[56,0],"3":[1,55],"4":[1,54],"5":[54,1],"6":[0,54],"7":[0,54],"8":[0,54],"9":[0,54],"10":[1,53],"11":[1,52],"12":[2,0],"13":[1,1],"14":[0,1],"15":[0,1],"16":[0,1],"17":[1,0],"18":[0,1],"19":[0,1],"20":[1,0],"21":[47,1],"22":[1,46],"23":[0,46],"24":[0,46],"25":[4,0],"26":[0,4],"27":[0,4],"28":[1,3],"29":[2,0],"30":[1,0],"31":[3,0],"32":[0,3],"33":[10,0],"34":[9,1],"35":[0,9],"36":[0,9],"37":[0,9],"38":[1,8],"39":[1,0],"40":[1,0],"41":[0,1],"42":[0,1],"43":[0,1],"44":[0,1],"45":[1,24],"46":[0,1],"47":[8,16],"48":[0,16],"49":[10,38],"50":[3,35],"51":[5,17],"52":[2,3],"53":[13,4],"54":[0,6],"55":[2,4],"56":[2,0],"57":[3,3],"58":[1,2],"59":[3,0]},"f":{"1":63,"2":56,"3":54,"4":2,"5":1,"6":47,"7":4,"8":2,"9":1,"10":3,"11":9,"12":1,"13":25,"14":48,"15":22,"16":4,"17":3,"18":6,"19":6,"20":2,"21":4,"22":6,"23":2},"fnMap":{"1":{"name":"constructor","line":112,"loc":{"start":{"line":112,"column":4},"end":{"line":120,"column":4}}},"2":{"name":"fundTreasury","line":127,"loc":{"start":{"line":127,"column":4},"end":{"line":137,"column":4}}},"3":{"name":"addBeneficiary","line":146,"loc":{"start":{"line":144,"column":4},"end":{"line":171,"column":4}}},"4":{"name":"updateBeneficiary","line":180,"loc":{"start":{"line":178,"column":4},"end":{"line":197,"column":4}}},"5":{"name":"removeBeneficiary","line":203,"loc":{"start":{"line":203,"column":4},"end":{"line":223,"column":4}}},"6":{"name":"lockAllocations","line":228,"loc":{"start":{"line":228,"column":4},"end":{"line":236,"column":4}}},"7":{"name":"revokeAllocation","line":242,"loc":{"start":{"line":242,"column":4},"end":{"line":264,"column":4}}},"8":{"name":"pause","line":269,"loc":{"start":{"line":269,"column":4},"end":{"line":271,"column":4}}},"9":{"name":"unpause","line":276,"loc":{"start":{"line":276,"column":4},"end":{"line":278,"column":4}}},"10":{"name":"emergencyWithdraw","line":283,"loc":{"start":{"line":283,"column":4},"end":{"line":293,"column":4}}},"11":{"name":"claimTokens","line":300,"loc":{"start":{"line":300,"column":4},"end":{"line":318,"column":4}}},"12":{"name":"claimFor","line":324,"loc":{"start":{"line":324,"column":4},"end":{"line":342,"column":4}}},"13":{"name":"_calculateVestedAmount","line":349,"loc":{"start":{"line":349,"column":4},"end":{"line":365,"column":4}}},"14":{"name":"_getCurrentMilestone","line":370,"loc":{"start":{"line":370,"column":4},"end":{"line":377,"column":4}}},"15":{"name":"getClaimableAmount","line":384,"loc":{"start":{"line":384,"column":4},"end":{"line":395,"column":4}}},"16":{"name":"getBeneficiaryInfo","line":400,"loc":{"start":{"line":400,"column":4},"end":{"line":431,"column":4}}},"17":{"name":"getAllBeneficiaries","line":436,"loc":{"start":{"line":436,"column":4},"end":{"line":463,"column":4}}},"18":{"name":"getVestingSchedule","line":468,"loc":{"start":{"line":468,"column":4},"end":{"line":494,"column":4}}},"19":{"name":"getNextUnlockTime","line":499,"loc":{"start":{"line":499,"column":4},"end":{"line":506,"column":4}}},"20":{"name":"getTreasuryStats","line":511,"loc":{"start":{"line":511,"column":4},"end":{"line":537,"column":4}}},"21":{"name":"isBeneficiary","line":542,"loc":{"start":{"line":542,"column":4},"end":{"line":544,"column":4}}},"22":{"name":"getTimeUntilNextUnlock","line":549,"loc":{"start":{"line":549,"column":4},"end":{"line":559,"column":4}}},"23":{"name":"getContractInfo","line":564,"loc":{"start":{"line":564,"column":4},"end":{"line":584,"column":4}}}},"statementMap":{"1":{"start":{"line":113,"column":8},"end":{"line":113,"column":63}},"2":{"start":{"line":119,"column":8},"end":{"line":119,"column":47}},"3":{"start":{"line":128,"column":8},"end":{"line":128,"column":58}},"4":{"start":{"line":130,"column":8},"end":{"line":130,"column":59}},"5":{"start":{"line":131,"column":8},"end":{"line":131,"column":68}},"6":{"start":{"line":133,"column":8},"end":{"line":133,"column":80}},"7":{"start":{"line":136,"column":8},"end":{"line":136,"column":62}},"8":{"start":{"line":148,"column":8},"end":{"line":148,"column":64}},"9":{"start":{"line":149,"column":8},"end":{"line":149,"column":55}},"10":{"start":{"line":150,"column":8},"end":{"line":150,"column":62}},"11":{"start":{"line":151,"column":8},"end":{"line":151,"column":51}},"12":{"start":{"line":152,"column":8},"end":{"line":152,"column":74}},"13":{"start":{"line":155,"column":8},"end":{"line":155,"column":5857}},"14":{"start":{"line":167,"column":8},"end":{"line":167,"column":40}},"15":{"start":{"line":170,"column":8},"end":{"line":170,"column":54}},"16":{"start":{"line":182,"column":8},"end":{"line":182,"column":64}},"17":{"start":{"line":183,"column":8},"end":{"line":183,"column":73}},"18":{"start":{"line":184,"column":8},"end":{"line":184,"column":54}},"19":{"start":{"line":186,"column":8},"end":{"line":186,"column":58}},"20":{"start":{"line":187,"column":8},"end":{"line":187,"column":49}},"21":{"start":{"line":192,"column":8},"end":{"line":192,"column":78}},"22":{"start":{"line":196,"column":8},"end":{"line":196,"column":59}},"23":{"start":{"line":204,"column":8},"end":{"line":204,"column":64}},"24":{"start":{"line":205,"column":8},"end":{"line":205,"column":73}},"25":{"start":{"line":207,"column":8},"end":{"line":207,"column":58}},"26":{"start":{"line":208,"column":8},"end":{"line":208,"column":46}},"27":{"start":{"line":214,"column":8},"end":{"line":214,"column":7946}},"28":{"start":{"line":215,"column":12},"end":{"line":215,"column":8018}},"29":{"start":{"line":217,"column":16},"end":{"line":217,"column":36}},"30":{"start":{"line":222,"column":8},"end":{"line":222,"column":56}},"31":{"start":{"line":229,"column":8},"end":{"line":229,"column":64}},"32":{"start":{"line":230,"column":8},"end":{"line":230,"column":55}},"33":{"start":{"line":231,"column":8},"end":{"line":231,"column":55}},"34":{"start":{"line":235,"column":8},"end":{"line":235,"column":47}},"35":{"start":{"line":243,"column":8},"end":{"line":243,"column":73}},"36":{"start":{"line":245,"column":8},"end":{"line":245,"column":58}},"37":{"start":{"line":246,"column":8},"end":{"line":246,"column":56}},"38":{"start":{"line":249,"column":8},"end":{"line":249,"column":66}},"39":{"start":{"line":250,"column":8},"end":{"line":250,"column":61}},"40":{"start":{"line":253,"column":8},"end":{"line":253,"column":9409}},"41":{"start":{"line":256,"column":12},"end":{"line":256,"column":62}},"42":{"start":{"line":257,"column":12},"end":{"line":257,"column":81}},"43":{"start":{"line":260,"column":8},"end":{"line":260,"column":68}},"44":{"start":{"line":263,"column":8},"end":{"line":263,"column":59}},"45":{"start":{"line":270,"column":8},"end":{"line":270,"column":15}},"46":{"start":{"line":277,"column":8},"end":{"line":277,"column":17}},"47":{"start":{"line":284,"column":8},"end":{"line":284,"column":62}},"48":{"start":{"line":285,"column":8},"end":{"line":285,"column":54}},"49":{"start":{"line":287,"column":8},"end":{"line":287,"column":59}},"50":{"start":{"line":289,"column":8},"end":{"line":289,"column":47}},"51":{"start":{"line":290,"column":8},"end":{"line":290,"column":54}},"52":{"start":{"line":292,"column":8},"end":{"line":292,"column":66}},"53":{"start":{"line":301,"column":8},"end":{"line":301,"column":61}},"54":{"start":{"line":302,"column":8},"end":{"line":302,"column":72}},"55":{"start":{"line":304,"column":8},"end":{"line":304,"column":57}},"56":{"start":{"line":305,"column":8},"end":{"line":305,"column":56}},"57":{"start":{"line":307,"column":8},"end":{"line":307,"column":58}},"58":{"start":{"line":308,"column":8},"end":{"line":308,"column":54}},"59":{"start":{"line":310,"column":8},"end":{"line":310,"column":57}},"60":{"start":{"line":315,"column":8},"end":{"line":315,"column":54}},"61":{"start":{"line":317,"column":8},"end":{"line":317,"column":67}},"62":{"start":{"line":325,"column":8},"end":{"line":325,"column":61}},"63":{"start":{"line":326,"column":8},"end":{"line":326,"column":73}},"64":{"start":{"line":328,"column":8},"end":{"line":328,"column":58}},"65":{"start":{"line":329,"column":8},"end":{"line":329,"column":56}},"66":{"start":{"line":331,"column":8},"end":{"line":331,"column":59}},"67":{"start":{"line":332,"column":8},"end":{"line":332,"column":54}},"68":{"start":{"line":334,"column":8},"end":{"line":334,"column":57}},"69":{"start":{"line":339,"column":8},"end":{"line":339,"column":55}},"70":{"start":{"line":341,"column":8},"end":{"line":341,"column":68}},"71":{"start":{"line":354,"column":8},"end":{"line":354,"column":57}},"72":{"start":{"line":356,"column":8},"end":{"line":356,"column":46}},"73":{"start":{"line":356,"column":38},"end":{"line":356,"column":46}},"74":{"start":{"line":357,"column":8},"end":{"line":357,"column":55}},"75":{"start":{"line":357,"column":47},"end":{"line":357,"column":55}},"76":{"start":{"line":359,"column":8},"end":{"line":359,"column":57}},"77":{"start":{"line":360,"column":8},"end":{"line":360,"column":43}},"78":{"start":{"line":360,"column":35},"end":{"line":360,"column":43}},"79":{"start":{"line":363,"column":8},"end":{"line":363,"column":78}},"80":{"start":{"line":364,"column":8},"end":{"line":364,"column":68}},"81":{"start":{"line":371,"column":8},"end":{"line":371,"column":55}},"82":{"start":{"line":371,"column":47},"end":{"line":371,"column":55}},"83":{"start":{"line":373,"column":8},"end":{"line":373,"column":72}},"84":{"start":{"line":374,"column":8},"end":{"line":374,"column":73}},"85":{"start":{"line":376,"column":8},"end":{"line":376,"column":78}},"86":{"start":{"line":389,"column":8},"end":{"line":389,"column":57}},"87":{"start":{"line":391,"column":8},"end":{"line":391,"column":46}},"88":{"start":{"line":391,"column":38},"end":{"line":391,"column":46}},"89":{"start":{"line":393,"column":8},"end":{"line":393,"column":60}},"90":{"start":{"line":394,"column":8},"end":{"line":394,"column":70}},"91":{"start":{"line":414,"column":8},"end":{"line":414,"column":57}},"92":{"start":{"line":421,"column":8},"end":{"line":421,"column":15142}},"93":{"start":{"line":446,"column":8},"end":{"line":446,"column":46}},"94":{"start":{"line":452,"column":8},"end":{"line":452,"column":15959}},"95":{"start":{"line":453,"column":12},"end":{"line":453,"column":52}},"96":{"start":{"line":454,"column":12},"end":{"line":454,"column":61}},"97":{"start":{"line":462,"column":8},"end":{"line":462,"column":56}},"98":{"start":{"line":482,"column":8},"end":{"line":482,"column":16872}},"99":{"start":{"line":486,"column":8},"end":{"line":486,"column":17026}},"100":{"start":{"line":500,"column":8},"end":{"line":500,"column":57}},"101":{"start":{"line":502,"column":8},"end":{"line":502,"column":60}},"102":{"start":{"line":502,"column":52},"end":{"line":502,"column":60}},"103":{"start":{"line":503,"column":8},"end":{"line":503,"column":57}},"104":{"start":{"line":503,"column":35},"end":{"line":503,"column":57}},"105":{"start":{"line":505,"column":8},"end":{"line":505,"column":70}},"106":{"start":{"line":524,"column":8},"end":{"line":524,"column":62}},"107":{"start":{"line":526,"column":8},"end":{"line":526,"column":18144}},"108":{"start":{"line":543,"column":8},"end":{"line":543,"column":46}},"109":{"start":{"line":550,"column":8},"end":{"line":550,"column":57}},"110":{"start":{"line":552,"column":8},"end":{"line":552,"column":60}},"111":{"start":{"line":552,"column":52},"end":{"line":552,"column":60}},"112":{"start":{"line":554,"column":8},"end":{"line":554,"column":19061}},"113":{"start":{"line":558,"column":8},"end":{"line":558,"column":78}},"114":{"start":{"line":576,"column":8},"end":{"line":576,"column":19639}}},"branchMap":{"1":{"line":113,"type":"if","locations":[{"start":{"line":113,"column":8},"end":{"line":113,"column":8}},{"start":{"line":113,"column":8},"end":{"line":113,"column":8}}]},"2":{"line":127,"type":"if","locations":[{"start":{"line":127,"column":37},"end":{"line":127,"column":37}},{"start":{"line":127,"column":37},"end":{"line":127,"column":37}}]},"3":{"line":128,"type":"if","locations":[{"start":{"line":128,"column":8},"end":{"line":128,"column":8}},{"start":{"line":128,"column":8},"end":{"line":128,"column":8}}]},"4":{"line":131,"type":"if","locations":[{"start":{"line":131,"column":8},"end":{"line":131,"column":8}},{"start":{"line":131,"column":8},"end":{"line":131,"column":8}}]},"5":{"line":146,"type":"if","locations":[{"start":{"line":146,"column":8},"end":{"line":146,"column":8}},{"start":{"line":146,"column":8},"end":{"line":146,"column":8}}]},"6":{"line":148,"type":"if","locations":[{"start":{"line":148,"column":8},"end":{"line":148,"column":8}},{"start":{"line":148,"column":8},"end":{"line":148,"column":8}}]},"7":{"line":149,"type":"if","locations":[{"start":{"line":149,"column":8},"end":{"line":149,"column":8}},{"start":{"line":149,"column":8},"end":{"line":149,"column":8}}]},"8":{"line":150,"type":"if","locations":[{"start":{"line":150,"column":8},"end":{"line":150,"column":8}},{"start":{"line":150,"column":8},"end":{"line":150,"column":8}}]},"9":{"line":151,"type":"if","locations":[{"start":{"line":151,"column":8},"end":{"line":151,"column":8}},{"start":{"line":151,"column":8},"end":{"line":151,"column":8}}]},"10":{"line":152,"type":"if","locations":[{"start":{"line":152,"column":8},"end":{"line":152,"column":8}},{"start":{"line":152,"column":8},"end":{"line":152,"column":8}}]},"11":{"line":155,"type":"if","locations":[{"start":{"line":155,"column":8},"end":{"line":155,"column":8}},{"start":{"line":155,"column":8},"end":{"line":155,"column":8}}]},"12":{"line":180,"type":"if","locations":[{"start":{"line":180,"column":8},"end":{"line":180,"column":8}},{"start":{"line":180,"column":8},"end":{"line":180,"column":8}}]},"13":{"line":182,"type":"if","locations":[{"start":{"line":182,"column":8},"end":{"line":182,"column":8}},{"start":{"line":182,"column":8},"end":{"line":182,"column":8}}]},"14":{"line":183,"type":"if","locations":[{"start":{"line":183,"column":8},"end":{"line":183,"column":8}},{"start":{"line":183,"column":8},"end":{"line":183,"column":8}}]},"15":{"line":184,"type":"if","locations":[{"start":{"line":184,"column":8},"end":{"line":184,"column":8}},{"start":{"line":184,"column":8},"end":{"line":184,"column":8}}]},"16":{"line":192,"type":"if","locations":[{"start":{"line":192,"column":8},"end":{"line":192,"column":8}},{"start":{"line":192,"column":8},"end":{"line":192,"column":8}}]},"17":{"line":203,"type":"if","locations":[{"start":{"line":203,"column":61},"end":{"line":203,"column":61}},{"start":{"line":203,"column":61},"end":{"line":203,"column":61}}]},"18":{"line":204,"type":"if","locations":[{"start":{"line":204,"column":8},"end":{"line":204,"column":8}},{"start":{"line":204,"column":8},"end":{"line":204,"column":8}}]},"19":{"line":205,"type":"if","locations":[{"start":{"line":205,"column":8},"end":{"line":205,"column":8}},{"start":{"line":205,"column":8},"end":{"line":205,"column":8}}]},"20":{"line":215,"type":"if","locations":[{"start":{"line":215,"column":12},"end":{"line":215,"column":12}},{"start":{"line":215,"column":12},"end":{"line":215,"column":12}}]},"21":{"line":228,"type":"if","locations":[{"start":{"line":228,"column":40},"end":{"line":228,"column":40}},{"start":{"line":228,"column":40},"end":{"line":228,"column":40}}]},"22":{"line":229,"type":"if","locations":[{"start":{"line":229,"column":8},"end":{"line":229,"column":8}},{"start":{"line":229,"column":8},"end":{"line":229,"column":8}}]},"23":{"line":230,"type":"if","locations":[{"start":{"line":230,"column":8},"end":{"line":230,"column":8}},{"start":{"line":230,"column":8},"end":{"line":230,"column":8}}]},"24":{"line":231,"type":"if","locations":[{"start":{"line":231,"column":8},"end":{"line":231,"column":8}},{"start":{"line":231,"column":8},"end":{"line":231,"column":8}}]},"25":{"line":242,"type":"if","locations":[{"start":{"line":242,"column":60},"end":{"line":242,"column":60}},{"start":{"line":242,"column":60},"end":{"line":242,"column":60}}]},"26":{"line":243,"type":"if","locations":[{"start":{"line":243,"column":8},"end":{"line":243,"column":8}},{"start":{"line":243,"column":8},"end":{"line":243,"column":8}}]},"27":{"line":246,"type":"if","locations":[{"start":{"line":246,"column":8},"end":{"line":246,"column":8}},{"start":{"line":246,"column":8},"end":{"line":246,"column":8}}]},"28":{"line":253,"type":"if","locations":[{"start":{"line":253,"column":8},"end":{"line":253,"column":8}},{"start":{"line":253,"column":8},"end":{"line":253,"column":8}}]},"29":{"line":269,"type":"if","locations":[{"start":{"line":269,"column":30},"end":{"line":269,"column":30}},{"start":{"line":269,"column":30},"end":{"line":269,"column":30}}]},"30":{"line":276,"type":"if","locations":[{"start":{"line":276,"column":32},"end":{"line":276,"column":32}},{"start":{"line":276,"column":32},"end":{"line":276,"column":32}}]},"31":{"line":283,"type":"if","locations":[{"start":{"line":283,"column":42},"end":{"line":283,"column":42}},{"start":{"line":283,"column":42},"end":{"line":283,"column":42}}]},"32":{"line":287,"type":"if","locations":[{"start":{"line":287,"column":8},"end":{"line":287,"column":8}},{"start":{"line":287,"column":8},"end":{"line":287,"column":8}}]},"33":{"line":300,"type":"if","locations":[{"start":{"line":300,"column":36},"end":{"line":300,"column":36}},{"start":{"line":300,"column":36},"end":{"line":300,"column":36}}]},"34":{"line":300,"type":"if","locations":[{"start":{"line":300,"column":49},"end":{"line":300,"column":49}},{"start":{"line":300,"column":49},"end":{"line":300,"column":49}}]},"35":{"line":301,"type":"if","locations":[{"start":{"line":301,"column":8},"end":{"line":301,"column":8}},{"start":{"line":301,"column":8},"end":{"line":301,"column":8}}]},"36":{"line":302,"type":"if","locations":[{"start":{"line":302,"column":8},"end":{"line":302,"column":8}},{"start":{"line":302,"column":8},"end":{"line":302,"column":8}}]},"37":{"line":305,"type":"if","locations":[{"start":{"line":305,"column":8},"end":{"line":305,"column":8}},{"start":{"line":305,"column":8},"end":{"line":305,"column":8}}]},"38":{"line":308,"type":"if","locations":[{"start":{"line":308,"column":8},"end":{"line":308,"column":8}},{"start":{"line":308,"column":8},"end":{"line":308,"column":8}}]},"39":{"line":324,"type":"if","locations":[{"start":{"line":324,"column":52},"end":{"line":324,"column":52}},{"start":{"line":324,"column":52},"end":{"line":324,"column":52}}]},"40":{"line":324,"type":"if","locations":[{"start":{"line":324,"column":65},"end":{"line":324,"column":65}},{"start":{"line":324,"column":65},"end":{"line":324,"column":65}}]},"41":{"line":325,"type":"if","locations":[{"start":{"line":325,"column":8},"end":{"line":325,"column":8}},{"start":{"line":325,"column":8},"end":{"line":325,"column":8}}]},"42":{"line":326,"type":"if","locations":[{"start":{"line":326,"column":8},"end":{"line":326,"column":8}},{"start":{"line":326,"column":8},"end":{"line":326,"column":8}}]},"43":{"line":329,"type":"if","locations":[{"start":{"line":329,"column":8},"end":{"line":329,"column":8}},{"start":{"line":329,"column":8},"end":{"line":329,"column":8}}]},"44":{"line":332,"type":"if","locations":[{"start":{"line":332,"column":8},"end":{"line":332,"column":8}},{"start":{"line":332,"column":8},"end":{"line":332,"column":8}}]},"45":{"line":356,"type":"if","locations":[{"start":{"line":356,"column":8},"end":{"line":356,"column":8}},{"start":{"line":356,"column":8},"end":{"line":356,"column":8}}]},"46":{"line":356,"type":"cond-expr","locations":[{"start":{"line":356,"column":12},"end":{"line":356,"column":22}},{"start":{"line":356,"column":27},"end":{"line":356,"column":35}}]},"47":{"line":357,"type":"if","locations":[{"start":{"line":357,"column":8},"end":{"line":357,"column":8}},{"start":{"line":357,"column":8},"end":{"line":357,"column":8}}]},"48":{"line":360,"type":"if","locations":[{"start":{"line":360,"column":8},"end":{"line":360,"column":8}},{"start":{"line":360,"column":8},"end":{"line":360,"column":8}}]},"49":{"line":371,"type":"if","locations":[{"start":{"line":371,"column":8},"end":{"line":371,"column":8}},{"start":{"line":371,"column":8},"end":{"line":371,"column":8}}]},"50":{"line":376,"type":"if","locations":[{"start":{"line":376,"column":48},"end":{"line":376,"column":65}},{"start":{"line":376,"column":69},"end":{"line":376,"column":77}}]},"51":{"line":391,"type":"if","locations":[{"start":{"line":391,"column":8},"end":{"line":391,"column":8}},{"start":{"line":391,"column":8},"end":{"line":391,"column":8}}]},"52":{"line":391,"type":"cond-expr","locations":[{"start":{"line":391,"column":12},"end":{"line":391,"column":22}},{"start":{"line":391,"column":27},"end":{"line":391,"column":35}}]},"53":{"line":394,"type":"if","locations":[{"start":{"line":394,"column":42},"end":{"line":394,"column":65}},{"start":{"line":394,"column":69},"end":{"line":394,"column":69}}]},"54":{"line":502,"type":"if","locations":[{"start":{"line":502,"column":8},"end":{"line":502,"column":8}},{"start":{"line":502,"column":8},"end":{"line":502,"column":8}}]},"55":{"line":503,"type":"if","locations":[{"start":{"line":503,"column":8},"end":{"line":503,"column":8}},{"start":{"line":503,"column":8},"end":{"line":503,"column":8}}]},"56":{"line":531,"type":"if","locations":[{"start":{"line":531,"column":18},"end":{"line":531,"column":58}},{"start":{"line":532,"column":18},"end":{"line":532,"column":18}}]},"57":{"line":552,"type":"if","locations":[{"start":{"line":552,"column":8},"end":{"line":552,"column":8}},{"start":{"line":552,"column":8},"end":{"line":552,"column":8}}]},"58":{"line":555,"type":"if","locations":[{"start":{"line":555,"column":14},"end":{"line":555,"column":28}},{"start":{"line":556,"column":14},"end":{"line":556,"column":68}}]},"59":{"line":558,"type":"if","locations":[{"start":{"line":558,"column":46},"end":{"line":558,"column":73}},{"start":{"line":558,"column":77},"end":{"line":558,"column":77}}]}}},
"contracts\\MockEscrowTokenNoMint.sol":{"l":{"14":1},"path":"G:\\escrow_project\\tresary_contract\\contracts\\MockEscrowTokenNoMint.sol","s":{"1":1},"b":{"1":[1,0]},"f":{"1":1,"2":1},"fnMap":{"1":{"name":"constructor","line":8,"loc":{"start":{"line":8,"column":4},"end":{"line":10,"column":4}}},"2":{"name":"mint","line":13,"loc":{"start":{"line":13,"column":4},"end":{"line":15,"column":4}}}},"statementMap":{"1":{"start":{"line":14,"column":8},"end":{"line":14,"column":24}}},"branchMap":{"1":{"line":13,"type":"if","locations":[{"start":{"line":13,"column":55},"end":{"line":13,"column":55}},{"start":{"line":13,"column":55},"end":{"line":13,"column":55}}]}}}}
