TN:
SF:G:\escrow_project\tresary_contract\contracts\ERC20Mock.sol
FN:8,constructor
FN:14,mint
FNF:2
FNH:2
FNDA:61,constructor
FNDA:56,mint
DA:10,61
DA:15,56
LF:2
LH:2
BRDA:14,1,0,56
BRDA:14,1,1,0
BRF:2
BRH:1
end_of_record
TN:
SF:G:\escrow_project\tresary_contract\contracts\EscrowTeamTreasury.sol
FN:112,constructor
FN:127,fundTreasury
FN:146,addBeneficiary
FN:180,updateBeneficiary
FN:203,removeBeneficiary
FN:228,lockAllocations
FN:242,revokeAllocation
FN:269,pause
FN:276,unpause
FN:283,emergencyWithdraw
FN:300,claimTokens
FN:324,claimFor
FN:349,_calculateVestedAmount
FN:370,_getCurrentMilestone
FN:384,getClaimableAmount
FN:400,getBeneficiaryInfo
FN:436,getAllBeneficiaries
FN:468,getVestingSchedule
FN:499,getNextUnlockTime
FN:511,getTreasuryStats
FN:542,isBeneficiary
FN:549,getTimeUntilNextUnlock
FN:564,getContractInfo
FNF:23
FNH:23
FNDA:63,constructor
FNDA:56,fundTreasury
FNDA:54,addBeneficiary
FNDA:2,updateBeneficiary
FNDA:1,removeBeneficiary
FNDA:47,lockAllocations
FNDA:4,revokeAllocation
FNDA:2,pause
FNDA:1,unpause
FNDA:3,emergencyWithdraw
FNDA:9,claimTokens
FNDA:1,claimFor
FNDA:25,_calculateVestedAmount
FNDA:48,_getCurrentMilestone
FNDA:22,getClaimableAmount
FNDA:4,getBeneficiaryInfo
FNDA:3,getAllBeneficiaries
FNDA:6,getVestingSchedule
FNDA:6,getNextUnlockTime
FNDA:2,getTreasuryStats
FNDA:4,isBeneficiary
FNDA:6,getTimeUntilNextUnlock
FNDA:2,getContractInfo
DA:113,63
DA:115,62
DA:116,62
DA:117,62
DA:119,62
DA:128,56
DA:130,55
DA:131,55
DA:133,54
DA:134,54
DA:136,54
DA:148,54
DA:149,54
DA:150,54
DA:151,54
DA:152,54
DA:155,53
DA:156,1
DA:159,52
DA:167,52
DA:168,52
DA:170,52
DA:182,2
DA:183,1
DA:184,1
DA:186,1
DA:187,1
DA:190,1
DA:192,1
DA:194,1
DA:196,1
DA:204,1
DA:205,1
DA:207,1
DA:208,1
DA:210,1
DA:211,1
DA:214,1
DA:215,1
DA:216,1
DA:217,1
DA:218,1
DA:222,1
DA:229,47
DA:230,46
DA:231,46
DA:233,46
DA:235,46
DA:243,4
DA:245,4
DA:246,4
DA:249,4
DA:250,4
DA:253,4
DA:254,1
DA:255,1
DA:256,1
DA:257,1
DA:260,4
DA:261,4
DA:263,4
DA:270,2
DA:277,1
DA:284,3
DA:285,3
DA:287,3
DA:289,3
DA:290,3
DA:292,3
DA:301,9
DA:302,9
DA:304,9
DA:305,9
DA:307,9
DA:308,9
DA:310,8
DA:311,8
DA:312,8
DA:313,8
DA:315,8
DA:317,8
DA:325,1
DA:326,1
DA:328,1
DA:329,1
DA:331,1
DA:332,1
DA:334,1
DA:335,1
DA:336,1
DA:337,1
DA:339,1
DA:341,1
DA:354,25
DA:356,25
DA:357,24
DA:359,16
DA:360,16
DA:363,16
DA:364,16
DA:371,48
DA:373,38
DA:374,38
DA:376,38
DA:389,22
DA:391,22
DA:393,17
DA:394,17
DA:414,4
DA:416,4
DA:417,4
DA:418,4
DA:419,4
DA:421,4
DA:446,3
DA:447,3
DA:448,3
DA:449,3
DA:450,3
DA:452,3
DA:453,4
DA:454,4
DA:456,4
DA:457,4
DA:458,4
DA:459,4
DA:462,3
DA:480,6
DA:482,6
DA:483,6
DA:486,6
DA:500,6
DA:502,6
DA:503,6
DA:505,4
DA:524,2
DA:526,2
DA:543,4
DA:550,6
DA:552,6
DA:554,3
DA:558,3
DA:576,2
LF:143
LH:143
BRDA:113,1,0,1
BRDA:113,1,1,62
BRDA:127,2,0,56
BRDA:127,2,1,0
BRDA:128,3,0,1
BRDA:128,3,1,55
BRDA:131,4,0,1
BRDA:131,4,1,54
BRDA:146,5,0,54
BRDA:146,5,1,1
BRDA:148,6,0,0
BRDA:148,6,1,54
BRDA:149,7,0,0
BRDA:149,7,1,54
BRDA:150,8,0,0
BRDA:150,8,1,54
BRDA:151,9,0,0
BRDA:151,9,1,54
BRDA:152,10,0,1
BRDA:152,10,1,53
BRDA:155,11,0,1
BRDA:155,11,1,52
BRDA:180,12,0,2
BRDA:180,12,1,0
BRDA:182,13,0,1
BRDA:182,13,1,1
BRDA:183,14,0,0
BRDA:183,14,1,1
BRDA:184,15,0,0
BRDA:184,15,1,1
BRDA:192,16,0,0
BRDA:192,16,1,1
BRDA:203,17,0,1
BRDA:203,17,1,0
BRDA:204,18,0,0
BRDA:204,18,1,1
BRDA:205,19,0,0
BRDA:205,19,1,1
BRDA:215,20,0,1
BRDA:215,20,1,0
BRDA:228,21,0,47
BRDA:228,21,1,1
BRDA:229,22,0,1
BRDA:229,22,1,46
BRDA:230,23,0,0
BRDA:230,23,1,46
BRDA:231,24,0,0
BRDA:231,24,1,46
BRDA:242,25,0,4
BRDA:242,25,1,0
BRDA:243,26,0,0
BRDA:243,26,1,4
BRDA:246,27,0,0
BRDA:246,27,1,4
BRDA:253,28,0,1
BRDA:253,28,1,3
BRDA:269,29,0,2
BRDA:269,29,1,0
BRDA:276,30,0,1
BRDA:276,30,1,0
BRDA:283,31,0,3
BRDA:283,31,1,0
BRDA:287,32,0,0
BRDA:287,32,1,3
BRDA:300,33,0,10
BRDA:300,33,1,0
BRDA:300,34,0,9
BRDA:300,34,1,1
BRDA:301,35,0,0
BRDA:301,35,1,9
BRDA:302,36,0,0
BRDA:302,36,1,9
BRDA:305,37,0,0
BRDA:305,37,1,9
BRDA:308,38,0,1
BRDA:308,38,1,8
BRDA:324,39,0,1
BRDA:324,39,1,0
BRDA:324,40,0,1
BRDA:324,40,1,0
BRDA:325,41,0,0
BRDA:325,41,1,1
BRDA:326,42,0,0
BRDA:326,42,1,1
BRDA:329,43,0,0
BRDA:329,43,1,1
BRDA:332,44,0,0
BRDA:332,44,1,1
BRDA:356,45,0,1
BRDA:356,45,1,24
BRDA:356,46,0,0
BRDA:356,46,1,1
BRDA:357,47,0,8
BRDA:357,47,1,16
BRDA:360,48,0,0
BRDA:360,48,1,16
BRDA:371,49,0,10
BRDA:371,49,1,38
BRDA:376,50,0,3
BRDA:376,50,1,35
BRDA:391,51,0,5
BRDA:391,51,1,17
BRDA:391,52,0,2
BRDA:391,52,1,3
BRDA:394,53,0,13
BRDA:394,53,1,4
BRDA:502,54,0,0
BRDA:502,54,1,6
BRDA:503,55,0,2
BRDA:503,55,1,4
BRDA:531,56,0,2
BRDA:531,56,1,0
BRDA:552,57,0,3
BRDA:552,57,1,3
BRDA:555,58,0,1
BRDA:555,58,1,2
BRDA:558,59,0,3
BRDA:558,59,1,0
BRF:118
BRH:81
end_of_record
TN:
SF:G:\escrow_project\tresary_contract\contracts\MockEscrowTokenNoMint.sol
FN:8,constructor
FN:13,mint
FNF:2
FNH:2
FNDA:1,constructor
FNDA:1,mint
DA:14,1
LF:1
LH:1
BRDA:13,1,0,1
BRDA:13,1,1,0
BRF:2
BRH:1
end_of_record
